Daily update: Sun Feb  9 17:33:53 UTC 2025
Daily update: Sun Feb  9 17:34:05 UTC 2025
Daily update: Sun Feb  9 22:42:17 UTC 2025
Daily update: Mon Feb 10 22:42:01 UTC 2025
Daily update: Tue Feb 11 22:42:19 UTC 2025
Daily update: Wed Feb 12 22:41:58 UTC 2025
Daily update: Thu Feb 13 22:41:56 UTC 2025
Daily update: Fri Feb 14 22:42:14 UTC 2025
Daily update: Sat Feb 15 22:42:07 UTC 2025
Daily update: Sun Feb 16 22:42:10 UTC 2025
Daily update: Mon Feb 17 22:42:12 UTC 2025
Daily update: Tue Feb 18 22:42:28 UTC 2025
Daily update: Wed Feb 19 22:42:03 UTC 2025
Daily update: Thu Feb 20 22:42:13 UTC 2025
Daily update: Fri Feb 21 22:42:12 UTC 2025
Daily update: Sat Feb 22 22:42:01 UTC 2025
Daily update: Sun Feb 23 22:42:17 UTC 2025
Daily update: Mon Feb 24 22:42:25 UTC 2025
Daily update: Tue Feb 25 22:42:37 UTC 2025
Daily update: Wed Feb 26 22:42:40 UTC 2025
Daily update: Thu Feb 27 22:43:28 UTC 2025
Daily update: Fri Feb 28 22:42:39 UTC 2025
Daily update: Sat Mar  1 22:41:52 UTC 2025
Daily update: Sun Mar  2 22:42:17 UTC 2025
Daily update: Mon Mar  3 22:43:19 UTC 2025
Daily update: Tue Mar  4 22:42:27 UTC 2025
Daily update: Wed Mar  5 22:43:12 UTC 2025
Daily update: Thu Mar  6 22:43:15 UTC 2025
Daily update: Fri Mar  7 22:41:57 UTC 2025
Daily update: Sat Mar  8 22:41:56 UTC 2025
Daily update: Sun Mar  9 22:42:18 UTC 2025
Daily update: Mon Mar 10 22:42:58 UTC 2025
Daily update: Tue Mar 11 22:42:54 UTC 2025
Daily update: Wed Mar 12 22:43:03 UTC 2025
Daily update: Thu Mar 13 22:42:30 UTC 2025
